Arguments: 
  /home/kayano/n/bin/node /usr/share/yarn/bin/yarn.js publish -d

PATH: 
  /home/kayano/Android/Sdk/platform-tools/:/home/kayano/Android/Sdk/platform-tools/:/home/kayano/.local/share/umake/bin:/home/kayano/bin:/home/kayano/.local/bin:/usr/local/sbin:/usr/local/bin:/usr/sbin:/usr/bin:/sbin:/bin:/usr/games:/usr/local/games:/snap/bin:/usr/local/go/bin:/home/kayano/n/bin:/home/kayano/Android/Sdk/tools:/home/kayano/Android/Sdk/platform-tools:/home/kayano/.yarn/bin:/home/kayano/Android/Sdk/tools:/home/kayano/Android/Sdk/platform-tools:/home/kayano/.yarn/bin

Yarn version: 
  1.5.1

Node version: 
  9.2.1

Platform: 
  linux x64

npm manifest: 
  {
    "name": "check-types",
    "version": "0.0.1",
    "description": "Check typescript type definitions for dependencies",
    "keywords": [
      "typescript",
      "check",
      "types",
      "cli"
    ],
    "bin": "./bin/checkTypes.js",
    "scripts": {
      "build": "tsc",
      "watch": "tsc -w"
    },
    "author": "https://github.com/Aturan",
    "repository": {
      "type": "git",
      "url": "https://github.com/Aturan/check-types.git"
    },
    "bugs": {
      "url": "https://github.com/Aturan/check-types/issues"
    },
    "engines": {
      "node": ">=4"
    },
    "license": "MIT",
    "devDependencies": {
      "@types/node": "^9.4.6",
      "@types/node-fetch": "1.6.7",
      "typescript": "^2.7.2"
    },
    "dependencies": {
      "@types/inquirer": "0.0.37",
      "@types/ora": "^1.3.2",
      "chalk": "^2.3.2",
      "inquirer": "^5.1.0",
      "node-fetch": "^2.1.1",
      "ora": "^2.0.0"
    }
  }

yarn manifest: 
  No manifest

Lockfile: 
  No lockfile

Trace: 
  Error: https://registry.npm.taobao.org/-/user/org.couchdb.user:aturan: conflict
      at Request.params.callback [as _callback] (/usr/share/yarn/lib/cli.js:65019:18)
      at Request.self.callback (/usr/share/yarn/lib/cli.js:132430:22)
      at Request.emit (events.js:159:13)
      at Request.<anonymous> (/usr/share/yarn/lib/cli.js:133413:10)
      at Request.emit (events.js:159:13)
      at IncomingMessage.<anonymous> (/usr/share/yarn/lib/cli.js:133333:12)
      at Object.onceWrapper (events.js:254:19)
      at IncomingMessage.emit (events.js:164:20)
      at endReadableNT (_stream_readable.js:1054:12)
      at _combinedTickCallback (internal/process/next_tick.js:138:11)
